
 Reading init file... 

__________Name : SALON __________ 

Connecting to the database : phosphors 

Extracting data from : flow_lumi 

Delta SCF main results : {'E_em': 1.5402419923666457, 'E_abs': 1.7453310583259736, 'E_zpl': 1.6401660392693884, 'E_fc_gs': 0.0999240469027427, 'E_fc_ex': 0.10516501905658515, 'Delta_S': 0.20508906595932785, 'Delta_R ': 0.15660947116701868, 'Delta_Q': 0.6252804538436985, 'Eff_freq_gs': 0.046224430968023325, 'Eff_freq_ex': 0.0474211649608646, 'S_em': 2.161715024071733, 'S_abs': 2.2176810532464772} 
 
Data added to the collection : test_collection 


 Reading init file... 

__________Name : SALON __________ 

Connecting to the database : phosphors 

Extracting data from : flow_lumi 

Delta SCF main results : {'E_em': 1.5402419923666457, 'E_abs': 1.7453310583259736, 'E_zpl': 1.6401660392693884, 'E_fc_gs': 0.0999240469027427, 'E_fc_ex': 0.10516501905658515, 'Delta_S': 0.20508906595932785, 'Delta_R ': 0.15660947116701868, 'Delta_Q': 0.6252804538436985, 'Eff_freq_gs': 0.046224430968023325, 'Eff_freq_ex': 0.0474211649608646, 'S_em': 2.161715024071733, 'S_abs': 2.2176810532464772} 
 
Data added to the collection : test_collection 


 Reading init file... 

__________Name : SALON __________ 

Connecting to the database : phosphors 

Extracting data from : flow_lumi 


 Reading init file... 

__________Name : SALON __________ 

Connecting to the database : phosphors 

Extracting data from : flow_lumi 

Delta SCF main results : {'E_em': 1.5402419923666457, 'E_abs': 1.7453310583259736, 'E_zpl': 1.6401660392693884, 'E_fc_gs': 0.0999240469027427, 'E_fc_ex': 0.10516501905658515, 'Delta_S': 0.20508906595932785, 'Delta_R ': 0.15660947116701868, 'Delta_Q': 0.6252804538436985, 'Eff_freq_gs': 0.046224430968023325, 'Eff_freq_ex': 0.0474211649608646, 'S_em': 2.161715024071733, 'S_abs': 2.2176810532464772} 
 
Data added to the collection : test_collection 


 Reading init file... 

__________Name : SALON __________ 

Connecting to the database : phosphors 

Extracting data from : flow_lumi 

Delta SCF main results : {'E_em': 1.5402419923666457, 'E_abs': 1.7453310583259736, 'E_zpl': 1.6401660392693884, 'E_fc_gs': 0.0999240469027427, 'E_fc_ex': 0.10516501905658515, 'Delta_S': 0.20508906595932785, 'Delta_R ': 0.15660947116701868, 'Delta_Q': 0.6252804538436985, 'Eff_freq_gs': 0.046224430968023325, 'Eff_freq_ex': 0.0474211649608646, 'S_em': 2.161715024071733, 'S_abs': 2.2176810532464772} 
 
Dry mode, nothing done.

 Reading init file... 

__________Name : SALON __________ 

Connecting to the database : phosphors 

Extracting data from : flow_lumi 

Delta SCF main results : {'E_em': 1.5402419923666457, 'E_abs': 1.7453310583259736, 'E_zpl': 1.6401660392693884, 'E_fc_gs': 0.0999240469027427, 'E_fc_ex': 0.10516501905658515, 'Delta_S': 0.20508906595932785, 'Delta_R ': 0.15660947116701868, 'Delta_Q': 0.6252804538436985, 'Eff_freq_gs': 0.046224430968023325, 'Eff_freq_ex': 0.0474211649608646, 'S_em': 2.161715024071733, 'S_abs': 2.2176810532464772} 
 
Dry mode, nothing done.

 Reading init file... 


 Reading init file... 

__________Name : SALON __________ 

Connecting to the database : phosphors 

Extracting data from : flow_lumi 


 Reading init file... 

__________Name : SALON __________ 

Connecting to the database : phosphors 

Extracting data from : flow_lumi 


 Reading init file... 

__________Name : SALON __________ 

Connecting to the database : phosphors 

Extracting data from : flow_lumi 


 Reading init file... 

__________Name : SALON __________ 

Connecting to the database : phosphors 

Extracting data from : flow_lumi 

Delta SCF main results : {'E_em': 1.5402419923666457, 'E_abs': 1.7453310583259736, 'E_zpl': 1.6401660392693884, 'E_fc_gs': 0.0999240469027427, 'E_fc_ex': 0.10516501905658515, 'Delta_S': 0.20508906595932785, 'Delta_R ': 0.15660947116701868, 'Delta_Q': 0.6252804538436985, 'Eff_freq_gs': 0.046224430968023325, 'Eff_freq_ex': 0.0474211649608646, 'S_em': 2.161715024071733, 'S_abs': 2.2176810532464772} 
 
Dry mode, nothing done.

 Reading init file... 

__________Name : SALON __________ 

Connecting to the database : phosphors 

Extracting data from : flow_lumi 

Delta SCF main results : {'E_em': 1.5402419923666457, 'E_abs': 1.7453310583259736, 'E_zpl': 1.6401660392693884, 'E_fc_gs': 0.0999240469027427, 'E_fc_ex': 0.10516501905658515, 'Delta_S': 0.20508906595932785, 'Delta_R ': 0.15660947116701868, 'Delta_Q': 0.6252804538436985, 'Eff_freq_gs': 0.046224430968023325, 'Eff_freq_ex': 0.0474211649608646, 'S_em': 2.161715024071733, 'S_abs': 2.2176810532464772} 
 
Dry mode, nothing done.

 Reading init file... 

__________Name : SALON __________ 

Connecting to the database : phosphors 

Extracting data from : flow_lumi 

Delta SCF main results : {'E_em': 1.5402419923666457, 'E_abs': 1.7453310583259736, 'E_zpl': 1.6401660392693884, 'E_fc_gs': 0.0999240469027427, 'E_fc_ex': 0.10516501905658515, 'Delta_S': 0.20508906595932785, 'Delta_R ': 0.15660947116701868, 'Delta_Q': 0.6252804538436985, 'Eff_freq_gs': 0.046224430968023325, 'Eff_freq_ex': 0.0474211649608646, 'S_em': 2.161715024071733, 'S_abs': 2.2176810532464772} 
 
Data added to the collection : test_collection 


 Reading init file... 


 Reading init file... 


 Reading init file... 


 Reading init file... 

__________Name : SALON __________ 

Connecting to the database : phosphors 

Extracting data from : flow_lumi 

Delta SCF main results : {'E_em': 1.5402419923666457, 'E_abs': 1.7453310583259736, 'E_zpl': 1.6401660392693884, 'E_fc_gs': 0.0999240469027427, 'E_fc_ex': 0.10516501905658515, 'Delta_S': 0.20508906595932785, 'Delta_R ': 0.15660947116701868, 'Delta_Q': 0.6252804538436985, 'Eff_freq_gs': 0.046224430968023325, 'Eff_freq_ex': 0.0474211649608646, 'S_em': 2.161715024071733, 'S_abs': 2.2176810532464772} 
 

 Reading init file... 

__________Name : SALON __________ 

Connecting to the database : phosphors 

Extracting data from : flow_lumi 

Delta SCF main results : {'E_em': 1.5402419923666457, 'E_abs': 1.7453310583259736, 'E_zpl': 1.6401660392693884, 'E_fc_gs': 0.0999240469027427, 'E_fc_ex': 0.10516501905658515, 'Delta_S': 0.20508906595932785, 'Delta_R ': 0.15660947116701868, 'Delta_Q': 0.6252804538436985, 'Eff_freq_gs': 0.046224430968023325, 'Eff_freq_ex': 0.0474211649608646, 'S_em': 2.161715024071733, 'S_abs': 2.2176810532464772} 
 
Dry mode, nothing done.

 Reading init file... 


 Reading init file... 


 Reading init file... 

__________Name : SALON __________ 

Connecting to the database : phosphors 

Extracting data from : None 


 Reading init file... 

__________Name : SALON __________ 

Connecting to the database : phosphors 

Extracting data from : None 

Delta SCF main results : {'E_em': 1.5402419923666457, 'E_abs': 1.7453310583259736, 'E_zpl': 1.6401660392693884, 'E_fc_gs': 0.0999240469027427, 'E_fc_ex': 0.10516501905658515, 'Delta_S': 0.20508906595932785, 'Delta_R ': 0.15660947217760623, 'Delta_Q': 0.6252804569168026, 'Eff_freq_gs': 0.04622443074084129, 'Eff_freq_ex': 0.047421164727800905, 'S_em': 2.161715034696046, 'S_abs': 2.2176810641458498} 
 
Dry mode, nothing done.

 Reading init file... 


 Reading init file... 


 Reading init file... 

__________Name : SALON __________ 

Connecting to the database : phosphors 

Extracting data from : flow_lumi 

Delta SCF main results : {'E_em': 1.5402419923666457, 'E_abs': 1.7453310583259736, 'E_zpl': 1.6401660392693884, 'E_fc_gs': 0.0999240469027427, 'E_fc_ex': 0.10516501905658515, 'Delta_S': 0.20508906595932785, 'Delta_R ': 0.15660947116701868, 'Delta_Q': 0.6252804538436985, 'Eff_freq_gs': 0.046224430968023325, 'Eff_freq_ex': 0.0474211649608646, 'S_em': 2.161715024071733, 'S_abs': 2.2176810532464772} 
 
Dry mode, nothing done.

 Reading init file... 

__________Name : SALON __________ 

Connecting to the database : phosphors 

Extracting data from : flow_lumi 

Delta SCF main results : {'E_em': 1.5402419923666457, 'E_abs': 1.7453310583259736, 'E_zpl': 1.6401660392693884, 'E_fc_gs': 0.0999240469027427, 'E_fc_ex': 0.10516501905658515, 'Delta_S': 0.20508906595932785, 'Delta_R ': 0.15660947116701868, 'Delta_Q': 0.6252804538436985, 'Eff_freq_gs': 0.046224430968023325, 'Eff_freq_ex': 0.0474211649608646, 'S_em': 2.161715024071733, 'S_abs': 2.2176810532464772} 
 
Dry mode, nothing done.

 Reading init file... 

__________Name : SALON __________ 

Connecting to the database : phosphors 

Extracting data from : None 

Delta SCF main results : {'E_em': 1.5402419923666457, 'E_abs': 1.7453310583259736, 'E_zpl': 1.6401660392693884, 'E_fc_gs': 0.0999240469027427, 'E_fc_ex': 0.10516501905658515, 'Delta_S': 0.20508906595932785, 'Delta_R ': 0.15660947217760623, 'Delta_Q': 0.6252804569168026, 'Eff_freq_gs': 0.04622443074084129, 'Eff_freq_ex': 0.047421164727800905, 'S_em': 2.161715034696046, 'S_abs': 2.2176810641458498} 
 
Dry mode, nothing done.

 Reading init file... 

__________Name : SALON __________ 

Connecting to the database : phosphors 

Extracting data from : None 

Delta SCF main results : {'E_em': 1.5402419923666457, 'E_abs': 1.7453310583259736, 'E_zpl': 1.6401660392693884, 'E_fc_gs': 0.0999240469027427, 'E_fc_ex': 0.10516501905658515, 'Delta_S': 0.20508906595932785, 'Delta_R ': 0.15660947217760623, 'Delta_Q': 0.6252804569168026, 'Eff_freq_gs': 0.04622443074084129, 'Eff_freq_ex': 0.047421164727800905, 'S_em': 2.161715034696046, 'S_abs': 2.2176810641458498} 
 
Data added to the collection : test_collection 


 Reading init file... 

__________Name : SALON __________ 

Connecting to the database : phosphors 

Extracting data from :  


 Reading init file... 

__________Name : SALON __________ 

Connecting to the database : phosphors 

Extracting data from : flow_lumi 

Delta SCF main results : {'E_em': 1.5402419923666457, 'E_abs': 1.7453310583259736, 'E_zpl': 1.6401660392693884, 'E_fc_gs': 0.0999240469027427, 'E_fc_ex': 0.10516501905658515, 'Delta_S': 0.20508906595932785, 'Delta_R ': 0.15660947116701868, 'Delta_Q': 0.6252804538436985, 'Eff_freq_gs': 0.046224430968023325, 'Eff_freq_ex': 0.0474211649608646, 'S_em': 2.161715024071733, 'S_abs': 2.2176810532464772} 
 
Dry mode, nothing done.

 Reading init file... 

__________Name : SALON __________ 

Connecting to the database : phosphors 

Extracting data from : None 

Delta SCF main results : {'E_em': 1.5402419923666457, 'E_abs': 1.7453310583259736, 'E_zpl': 1.6401660392693884, 'E_fc_gs': 0.0999240469027427, 'E_fc_ex': 0.10516501905658515, 'Delta_S': 0.20508906595932785, 'Delta_R ': 0.15660947217760623, 'Delta_Q': 0.6252804569168026, 'Eff_freq_gs': 0.04622443074084129, 'Eff_freq_ex': 0.047421164727800905, 'S_em': 2.161715034696046, 'S_abs': 2.2176810641458498} 
 
Dry mode, nothing done.

 Reading init file... 

__________Name : SALON __________ 

Connecting to the database : phosphors 

Extracting data from : flow_lumi 

Delta SCF main results : {'E_em': 1.5402419923666457, 'E_abs': 1.7453310583259736, 'E_zpl': 1.6401660392693884, 'E_fc_gs': 0.0999240469027427, 'E_fc_ex': 0.10516501905658515, 'Delta_S': 0.20508906595932785, 'Delta_R ': 0.15660947116701868, 'Delta_Q': 0.6252804538436985, 'Eff_freq_gs': 0.046224430968023325, 'Eff_freq_ex': 0.0474211649608646, 'S_em': 2.161715024071733, 'S_abs': 2.2176810532464772} 
 
Dry mode, nothing done.

 Reading init file... 


 Reading init file... 

__________Name : SALON __________ 

Connecting to the database : phosphors 

Extracting data from :  

Delta SCF main results : {'E_em': 1.5402419923666457, 'E_abs': 1.7453310583259736, 'E_zpl': 1.6401660392693884, 'E_fc_gs': 0.0999240469027427, 'E_fc_ex': 0.10516501905658515, 'Delta_S': 0.20508906595932785, 'Delta_R ': 0.15660947217760623, 'Delta_Q': 0.6252804569168026, 'Eff_freq_gs': 0.04622443074084129, 'Eff_freq_ex': 0.047421164727800905, 'S_em': 2.161715034696046, 'S_abs': 2.2176810641458498} 
 
Dry mode, nothing done.

 Reading init file... 

__________Name : SALON __________ 

Connecting to the database : phosphors 

Extracting data from :  


 Reading init file... 

__________Name : SALON __________ 

Connecting to the database : phosphors 

Extracting data from :  

Delta SCF main results : {'E_em': 1.5402419923666457, 'E_abs': 1.7453310583259736, 'E_zpl': 1.6401660392693884, 'E_fc_gs': 0.0999240469027427, 'E_fc_ex': 0.10516501905658515, 'Delta_S': 0.20508906595932785, 'Delta_R ': 0.15660947217760623, 'Delta_Q': 0.6252804569168026, 'Eff_freq_gs': 0.04622443074084129, 'Eff_freq_ex': 0.047421164727800905, 'S_em': 2.161715034696046, 'S_abs': 2.2176810641458498} 
 
Dry mode, nothing done.
